<?xml version="1.0" encoding="UTF-8"?>
<!-- Generated by org.testng.reporters.JUnitReportReporter -->
<testsuite hostname="MacBook-Pro-4.local" failures="0" tests="1" name="test.GOOGLTicker_POM" time="3.013" errors="0" timestamp="2023-10-03T00:18:41 EDT" skipped="0">
  <testcase classname="test.GOOGLTicker_POM" name="googleFinanceSearch" time="3.013"/>
</testsuite> <!-- test.GOOGLTicker_POM -->
