<?xml version="1.0" encoding="UTF-8"?>
<!-- Generated by org.testng.reporters.JUnitReportReporter -->
<testsuite hostname="MacBook-Pro-4.local" failures="0" tests="1" name="test.GOOGLTicker_POM" time="3.316" errors="0" timestamp="2023-09-27T15:38:07 EDT" skipped="0">
  <testcase classname="test.GOOGLTicker_POM" name="googleFinanceSearch" time="3.316"/>
</testsuite> <!-- test.GOOGLTicker_POM -->
